<?xml version="1.0" encoding="UTF-8"?>
<!-- Generated by org.testng.reporters.JUnitXMLReporter -->
<testsuite ignored="0" hostname="Mujees-MBP" failures="0" tests="5" name="Surefire test" time="48.712" errors="0" timestamp="2022-11-09T13:50:13 IST">
  <testcase classname="verifyLogin" name="verifyLanding" time="5.57"/>
  <testcase classname="verifyLogin" name="verifyNavLogin" time="1.717"/>
  <testcase classname="verifyLogin" name="verifyLogin" time="10.535"/>
  <testcase classname="verifyLogin" name="verifyname" time="3.395"/>
  <testcase classname="verifyLogin" name="setPic" time="10.477"/>
</testsuite> <!-- Surefire test -->
