<?xml version="1.0" encoding="UTF-8"?>
<testng-results ignored="0" total="5" passed="5" failed="0" skipped="0">
  <reporter-output>
  </reporter-output>
  <suite started-at="2022-11-09T13:49:25 IST" name="Surefire suite" finished-at="2022-11-09T13:50:13 IST" duration-ms="48712">
    <groups>
    </groups>
    <test started-at="2022-11-09T13:49:25 IST" name="Surefire test" finished-at="2022-11-09T13:50:13 IST" duration-ms="48712">
      <class name="verifyLogin">
        <test-method is-config="true" signature="initDriver()[pri:0, instance:verifyLogin@4efc180e]" started-at="2022-11-09T13:49:25 IST" name="initDriver" finished-at="2022-11-09T13:49:41 IST" duration-ms="16858" status="PASS">
          <reporter-output>
          </reporter-output>
        </test-method> <!-- initDriver -->
        <test-method signature="verifyLanding()[pri:0, instance:verifyLogin@4efc180e]" started-at="2022-11-09T13:49:41 IST" name="verifyLanding" finished-at="2022-11-09T13:49:47 IST" duration-ms="5570" status="PASS">
          <reporter-output>
          </reporter-output>
        </test-method> <!-- verifyLanding -->
        <test-method signature="verifyNavLogin()[pri:1, instance:verifyLogin@4efc180e]" started-at="2022-11-09T13:49:47 IST" name="verifyNavLogin" finished-at="2022-11-09T13:49:49 IST" depends-on-methods="verifyLogin.verifyLanding" duration-ms="1717" status="PASS">
          <reporter-output>
          </reporter-output>
        </test-method> <!-- verifyNavLogin -->
        <test-method signature="verifyLogin()[pri:2, instance:verifyLogin@4efc180e]" started-at="2022-11-09T13:49:49 IST" name="verifyLogin" finished-at="2022-11-09T13:49:59 IST" depends-on-methods="verifyLogin.verifyLanding" duration-ms="10535" status="PASS">
          <reporter-output>
          </reporter-output>
        </test-method> <!-- verifyLogin -->
        <test-method signature="verifyname()[pri:3, instance:verifyLogin@4efc180e]" started-at="2022-11-09T13:49:59 IST" name="verifyname" finished-at="2022-11-09T13:50:03 IST" depends-on-methods="verifyLogin.verifyLogin" duration-ms="3395" status="PASS">
          <reporter-output>
          </reporter-output>
        </test-method> <!-- verifyname -->
        <test-method signature="setPic()[pri:4, instance:verifyLogin@4efc180e]" started-at="2022-11-09T13:50:03 IST" name="setPic" finished-at="2022-11-09T13:50:13 IST" duration-ms="10477" status="PASS">
          <reporter-output>
          </reporter-output>
        </test-method> <!-- setPic -->
        <test-method is-config="true" signature="closeDriver()[pri:0, instance:verifyLogin@4efc180e]" started-at="2022-11-09T13:50:13 IST" name="closeDriver" finished-at="2022-11-09T13:50:13 IST" duration-ms="120" status="PASS">
          <reporter-output>
          </reporter-output>
        </test-method> <!-- closeDriver -->
      </class> <!-- verifyLogin -->
    </test> <!-- Surefire test -->
  </suite> <!-- Surefire suite -->
</testng-results>
